Determining if the pthread_create exist failed with the following output:
Change Dir: /media/thrun/nacho/AD_course_2022_code/material/0_Renderer/tutorial_renderer/build/CMakeFiles/CMakeTmp

Run Build Command:"/usr/bin/make" "cmTC_4d7c8/fast"
/usr/bin/make -f CMakeFiles/cmTC_4d7c8.dir/build.make CMakeFiles/cmTC_4d7c8.dir/build
make[1]: Entering directory '/media/thrun/nacho/AD_course_2022_code/material/0_Renderer/tutorial_renderer/build/CMakeFiles/CMakeTmp'
Building C object CMakeFiles/cmTC_4d7c8.dir/CheckSymbolExists.c.o
/usr/bin/cc    -o CMakeFiles/cmTC_4d7c8.dir/CheckSymbolExists.c.o   -c /media/thrun/nacho/AD_course_2022_code/material/0_Renderer/tutorial_renderer/build/CMakeFiles/CMakeTmp/CheckSymbolExists.c
Linking C executable cmTC_4d7c8
/usr/bin/cmake -E cmake_link_script CMakeFiles/cmTC_4d7c8.dir/link.txt --verbose=1
/usr/bin/cc      -rdynamic CMakeFiles/cmTC_4d7c8.dir/CheckSymbolExists.c.o  -o cmTC_4d7c8 
CMakeFiles/cmTC_4d7c8.dir/CheckSymbolExists.c.o: In function `main':
CheckSymbolExists.c:(.text+0x1b): undefined reference to `pthread_create'
collect2: error: ld returned 1 exit status
CMakeFiles/cmTC_4d7c8.dir/build.make:97: recipe for target 'cmTC_4d7c8' failed
make[1]: *** [cmTC_4d7c8] Error 1
make[1]: Leaving directory '/media/thrun/nacho/AD_course_2022_code/material/0_Renderer/tutorial_renderer/build/CMakeFiles/CMakeTmp'
Makefile:126: recipe for target 'cmTC_4d7c8/fast' failed
make: *** [cmTC_4d7c8/fast] Error 2

File /media/thrun/nacho/AD_course_2022_code/material/0_Renderer/tutorial_renderer/build/CMakeFiles/CMakeTmp/CheckSymbolExists.c:
/* */
#include <pthread.h>

int main(int argc, char** argv)
{
  (void)argv;
#ifndef pthread_create
  return ((int*)(&pthread_create))[argc];
#else
  (void)argc;
  return 0;
#endif
}

Determining if the function pthread_create exists in the pthreads failed with the following output:
Change Dir: /media/thrun/nacho/AD_course_2022_code/material/0_Renderer/tutorial_renderer/build/CMakeFiles/CMakeTmp

Run Build Command:"/usr/bin/make" "cmTC_143db/fast"
/usr/bin/make -f CMakeFiles/cmTC_143db.dir/build.make CMakeFiles/cmTC_143db.dir/build
make[1]: Entering directory '/media/thrun/nacho/AD_course_2022_code/material/0_Renderer/tutorial_renderer/build/CMakeFiles/CMakeTmp'
Building C object CMakeFiles/cmTC_143db.dir/CheckFunctionExists.c.o
/usr/bin/cc   -DCHECK_FUNCTION_EXISTS=pthread_create   -o CMakeFiles/cmTC_143db.dir/CheckFunctionExists.c.o   -c /usr/share/cmake-3.10/Modules/CheckFunctionExists.c
Linking C executable cmTC_143db
/usr/bin/cmake -E cmake_link_script CMakeFiles/cmTC_143db.dir/link.txt --verbose=1
/usr/bin/cc  -DCHECK_FUNCTION_EXISTS=pthread_create    -rdynamic CMakeFiles/cmTC_143db.dir/CheckFunctionExists.c.o  -o cmTC_143db -lpthreads 
/usr/bin/ld: cannot find -lpthreads
collect2: error: ld returned 1 exit status
CMakeFiles/cmTC_143db.dir/build.make:97: recipe for target 'cmTC_143db' failed
make[1]: *** [cmTC_143db] Error 1
make[1]: Leaving directory '/media/thrun/nacho/AD_course_2022_code/material/0_Renderer/tutorial_renderer/build/CMakeFiles/CMakeTmp'
Makefile:126: recipe for target 'cmTC_143db/fast' failed
make: *** [cmTC_143db/fast] Error 2


